[0.861s] Invoking command in '/home/vboxuser/ros2_ws/src/my_package': PYTHONPATH=/home/vboxuser/ros2_ws/build/my_package/prefix_override:/home/vboxuser/ros2_ws/install/my_package/lib/python3.10/site-packages:${PYTHONPATH} /usr/bin/python3 setup.py egg_info --egg-base ../../build/my_package build --build-base /home/vboxuser/ros2_ws/build/my_package/build install --record /home/vboxuser/ros2_ws/build/my_package/install.log --single-version-externally-managed
[1.111s] running egg_info
[1.111s] creating ../../build/my_package/my_package.egg-info
[1.111s] writing ../../build/my_package/my_package.egg-info/PKG-INFO
[1.111s] writing dependency_links to ../../build/my_package/my_package.egg-info/dependency_links.txt
[1.111s] writing entry points to ../../build/my_package/my_package.egg-info/entry_points.txt
[1.111s] writing requirements to ../../build/my_package/my_package.egg-info/requires.txt
[1.111s] writing top-level names to ../../build/my_package/my_package.egg-info/top_level.txt
[1.111s] writing manifest file '../../build/my_package/my_package.egg-info/SOURCES.txt'
[1.112s] reading manifest file '../../build/my_package/my_package.egg-info/SOURCES.txt'
[1.113s] adding license file 'LICENSE'
[1.113s] writing manifest file '../../build/my_package/my_package.egg-info/SOURCES.txt'
[1.113s] running build
[1.113s] running build_py
[1.113s] creating /home/vboxuser/ros2_ws/build/my_package/build
[1.113s] creating /home/vboxuser/ros2_ws/build/my_package/build/lib
[1.114s] creating /home/vboxuser/ros2_ws/build/my_package/build/lib/my_package
[1.114s] copying my_package/my_node.py -> /home/vboxuser/ros2_ws/build/my_package/build/lib/my_package
[1.114s] copying my_package/__init__.py -> /home/vboxuser/ros2_ws/build/my_package/build/lib/my_package
[1.114s] running install
[1.114s] running install_lib
[1.114s] creating /home/vboxuser/ros2_ws/install/my_package/lib/python3.10/site-packages/my_package
[1.114s] copying /home/vboxuser/ros2_ws/build/my_package/build/lib/my_package/my_node.py -> /home/vboxuser/ros2_ws/install/my_package/lib/python3.10/site-packages/my_package
[1.114s] copying /home/vboxuser/ros2_ws/build/my_package/build/lib/my_package/__init__.py -> /home/vboxuser/ros2_ws/install/my_package/lib/python3.10/site-packages/my_package
[1.115s] byte-compiling /home/vboxuser/ros2_ws/install/my_package/lib/python3.10/site-packages/my_package/my_node.py to my_node.cpython-310.pyc
[1.116s] byte-compiling /home/vboxuser/ros2_ws/install/my_package/lib/python3.10/site-packages/my_package/__init__.py to __init__.cpython-310.pyc
[1.116s] running install_data
[1.117s] creating /home/vboxuser/ros2_ws/install/my_package/share/ament_index
[1.117s] creating /home/vboxuser/ros2_ws/install/my_package/share/ament_index/resource_index
[1.117s] creating /home/vboxuser/ros2_ws/install/my_package/share/ament_index/resource_index/packages
[1.117s] copying resource/my_package -> /home/vboxuser/ros2_ws/install/my_package/share/ament_index/resource_index/packages
[1.117s] copying package.xml -> /home/vboxuser/ros2_ws/install/my_package/share/my_package
[1.117s] running install_egg_info
[1.118s] Copying ../../build/my_package/my_package.egg-info to /home/vboxuser/ros2_ws/install/my_package/lib/python3.10/site-packages/my_package-0.0.0-py3.10.egg-info
[1.118s] running install_scripts
[1.135s] Installing my_node script to /home/vboxuser/ros2_ws/install/my_package/lib/my_package
[1.135s] writing list of installed files to '/home/vboxuser/ros2_ws/build/my_package/install.log'
[1.168s] Invoked command in '/home/vboxuser/ros2_ws/src/my_package' returned '0': PYTHONPATH=/home/vboxuser/ros2_ws/build/my_package/prefix_override:/home/vboxuser/ros2_ws/install/my_package/lib/python3.10/site-packages:${PYTHONPATH} /usr/bin/python3 setup.py egg_info --egg-base ../../build/my_package build --build-base /home/vboxuser/ros2_ws/build/my_package/build install --record /home/vboxuser/ros2_ws/build/my_package/install.log --single-version-externally-managed
